<?xml version="1.0" encoding="UTF-8"?>
<!-- Generated by org.testng.reporters.JUnitXMLReporter -->
<testsuite ignored="2" hostname="DESKTOP-EKTU0VS" failures="0" tests="1" name="Test" time="63.229" errors="0" timestamp="09 May 2024 12:05:01 GMT">
  <testcase classname="com.comcast.crm.orgtest.CreateOrganisationTest" name="CreateOrganisationTest" time="37.368"/>
  <testcase classname="com.comcast.crm.orgtest.CreateOrganisationTest" name="CreateOrganisationWithIndustryTest" time="0.0">
    <ignored/>
  </testcase> <!-- CreateOrganisationWithIndustryTest -->
  <testcase classname="com.comcast.crm.orgtest.CreateOrganisationTest" name="CreateOrganisationWithPhoneNumberTest" time="0.0">
    <ignored/>
  </testcase> <!-- CreateOrganisationWithPhoneNumberTest -->
</testsuite> <!-- Test -->
